{
  "stats": {
    "suites": 12,
    "tests": 41,
    "passes": 26,
    "pending": 0,
    "failures": 15,
    "start": "2022-07-05T18:06:50.170Z",
    "end": "2022-07-05T18:08:07.390Z",
    "duration": 77220,
    "testsRegistered": 41,
    "passPercent": 63.41463414634146,
    "pendingPercent": 0,
    "other": 0,
    "hasOther": false,
    "skipped": 0,
    "hasSkipped": false
  },
  "results": [
    {
      "uuid": "8ef89126-5e67-4296-950a-1e228f8148d2",
      "title": "",
      "fullFile": "cypress/integration/project.spec.js",
      "file": "cypress/integration/project.spec.js",
      "beforeHooks": [],
      "afterHooks": [],
      "tests": [],
      "suites": [
        {
          "uuid": "70f03da9-d190-4687-ad72-f9e4fcc5b3eb",
          "title": "1 - Adicione à página o título \"Paleta de Cores\".",
          "fullFile": "",
          "file": "",
          "beforeHooks": [],
          "afterHooks": [],
          "tests": [
            {
              "title": "Verifica se contém um elemento `h1` com o id `title` com o título correto",
              "fullTitle": "1 - Adicione à página o título \"Paleta de Cores\". Verifica se contém um elemento `h1` com o id `title` com o título correto",
              "timedOut": null,
              "duration": 126,
              "state": "passed",
              "speed": "slow",
              "pass": true,
              "fail": false,
              "pending": false,
              "context": null,
              "code": "cy.get('h1#title').should('contain.text', 'Paleta de Cores');",
              "err": {},
              "uuid": "23e4a93a-21d3-42a0-8619-f2b4d5089efd",
              "parentUUID": "70f03da9-d190-4687-ad72-f9e4fcc5b3eb",
              "isHook": false,
              "skipped": false
            }
          ],
          "suites": [],
          "passes": [
            "23e4a93a-21d3-42a0-8619-f2b4d5089efd"
          ],
          "failures": [],
          "pending": [],
          "skipped": [],
          "duration": 126,
          "root": false,
          "rootEmpty": false,
          "_timeout": 2000
        },
        {
          "uuid": "96c0ea20-703c-43a7-aa3d-c450ecfb1894",
          "title": "2 - Adicione à página uma paleta de quatro cores distintas.",
          "fullFile": "",
          "file": "",
          "beforeHooks": [],
          "afterHooks": [],
          "tests": [
            {
              "title": "A paleta de cores deve ser um elemento com `id` denominado `color-palette` e ter mais de 0px de altura e de largura.",
              "fullTitle": "2 - Adicione à página uma paleta de quatro cores distintas. A paleta de cores deve ser um elemento com `id` denominado `color-palette` e ter mais de 0px de altura e de largura.",
              "timedOut": null,
              "duration": 54,
              "state": "passed",
              "speed": "medium",
              "pass": true,
              "fail": false,
              "pending": false,
              "context": null,
              "code": "cy.get('#color-palette').should('be.visible');\ncy.get('#color-palette').children('.color');",
              "err": {},
              "uuid": "9a9d3f68-5672-4f92-8391-550d6d4c98c3",
              "parentUUID": "96c0ea20-703c-43a7-aa3d-c450ecfb1894",
              "isHook": false,
              "skipped": false
            },
            {
              "title": "Verifica se cada cor individual da paleta de cores possui a `classe` chamada `color`.",
              "fullTitle": "2 - Adicione à página uma paleta de quatro cores distintas. Verifica se cada cor individual da paleta de cores possui a `classe` chamada `color`.",
              "timedOut": null,
              "duration": 73,
              "state": "passed",
              "speed": "medium",
              "pass": true,
              "fail": false,
              "pending": false,
              "context": null,
              "code": "cy.get('.color').should('have.length', 4).then(function (colors) {\n  for (var i = 0; i < colors.length; i++) {\n    cy.wrap(colors[i]).should('be.visible');\n  }\n});",
              "err": {},
              "uuid": "c37070a1-f8ba-4f34-af96-cd3228a8a446",
              "parentUUID": "96c0ea20-703c-43a7-aa3d-c450ecfb1894",
              "isHook": false,
              "skipped": false
            },
            {
              "title": "Verifica se a cor de fundo de cada elemento da paleta é a cor que o elemento representa. **A única cor não permitida na paleta é a cor branca.**",
              "fullTitle": "2 - Adicione à página uma paleta de quatro cores distintas. Verifica se a cor de fundo de cada elemento da paleta é a cor que o elemento representa. **A única cor não permitida na paleta é a cor branca.**",
              "timedOut": null,
              "duration": 93,
              "state": "passed",
              "speed": "slow",
              "pass": true,
              "fail": false,
              "pending": false,
              "context": null,
              "code": "cy.get('.color').each(function (color) {\n  cy.wrap(color).should('have.class', 'color').and('not.have.css', 'background-color', WHITE);\n  cy.wrap(color).should('have.css', 'background-color');\n});",
              "err": {},
              "uuid": "1ec6bd0a-6371-4791-a102-c95e800eb2a3",
              "parentUUID": "96c0ea20-703c-43a7-aa3d-c450ecfb1894",
              "isHook": false,
              "skipped": false
            },
            {
              "title": "Verifica se cada elemento da paleta de cores tem uma borda preta, sólida e com 1 pixel de largura;",
              "fullTitle": "2 - Adicione à página uma paleta de quatro cores distintas. Verifica se cada elemento da paleta de cores tem uma borda preta, sólida e com 1 pixel de largura;",
              "timedOut": null,
              "duration": 70,
              "state": "passed",
              "speed": "medium",
              "pass": true,
              "fail": false,
              "pending": false,
              "context": null,
              "code": "cy.get('.color').each(function (color) {\n  cy.wrap(color).and('have.css', 'border', \"1px solid \".concat(BLACK)).and('have.class', 'color');\n});",
              "err": {},
              "uuid": "b7479b9b-2cee-43e2-92a0-45efb93d7583",
              "parentUUID": "96c0ea20-703c-43a7-aa3d-c450ecfb1894",
              "isHook": false,
              "skipped": false
            },
            {
              "title": "Verifica se a paleta lista todas as cores disponíveis para utilização, lado a lado.",
              "fullTitle": "2 - Adicione à página uma paleta de quatro cores distintas. Verifica se a paleta lista todas as cores disponíveis para utilização, lado a lado.",
              "timedOut": null,
              "duration": 88,
              "state": "passed",
              "speed": "slow",
              "pass": true,
              "fail": false,
              "pending": false,
              "context": null,
              "code": "cy.get('.color').then(function (colors) {\n  for (var index = 1; index < colors.length; index += 1) {\n    var currentColor = colors[index];\n    var previousColor = colors[index - 1];\n    cy.wrap(currentColor).should('be.onTheRightOf', previousColor).and('be.horizontallyAlignedWith', previousColor);\n  }\n});",
              "err": {},
              "uuid": "7508cd19-83b8-4cc2-9268-478619ad54c2",
              "parentUUID": "96c0ea20-703c-43a7-aa3d-c450ecfb1894",
              "isHook": false,
              "skipped": false
            },
            {
              "title": "Verifica se a paleta de cores está posicionada abaixo do título 'Paleta de Cores'",
              "fullTitle": "2 - Adicione à página uma paleta de quatro cores distintas. Verifica se a paleta de cores está posicionada abaixo do título 'Paleta de Cores'",
              "timedOut": null,
              "duration": 97,
              "state": "passed",
              "speed": "slow",
              "pass": true,
              "fail": false,
              "pending": false,
              "context": null,
              "code": "cy.get('h1#title').then(function (title) {\n  cy.get('#color-palette').should('be.belowOf', title);\n});",
              "err": {},
              "uuid": "743bae49-462b-4f9d-a231-9f5e48ff0be9",
              "parentUUID": "96c0ea20-703c-43a7-aa3d-c450ecfb1894",
              "isHook": false,
              "skipped": false
            },
            {
              "title": "Verifica se a paleta de cores não contém cores repetidas.",
              "fullTitle": "2 - Adicione à página uma paleta de quatro cores distintas. Verifica se a paleta de cores não contém cores repetidas.",
              "timedOut": null,
              "duration": 83,
              "state": "passed",
              "speed": "slow",
              "pass": true,
              "fail": false,
              "pending": false,
              "context": null,
              "code": "cy.get('.color').then(function (colors) {\n  var allColors = Array.from(colors).map(function (color) {\n    return Cypress.$(color).css('background-color');\n  });\n  cy.log(allColors);\n  var uniqColors = (0, _toConsumableArray2[\"default\"])(new Set(allColors));\n  cy.log(uniqColors);\n  expect(allColors.length).to.eq(uniqColors.length);\n});",
              "err": {},
              "uuid": "4ce21ae1-1738-453a-873e-f728a5257f79",
              "parentUUID": "96c0ea20-703c-43a7-aa3d-c450ecfb1894",
              "isHook": false,
              "skipped": false
            }
          ],
          "suites": [],
          "passes": [
            "9a9d3f68-5672-4f92-8391-550d6d4c98c3",
            "c37070a1-f8ba-4f34-af96-cd3228a8a446",
            "1ec6bd0a-6371-4791-a102-c95e800eb2a3",
            "b7479b9b-2cee-43e2-92a0-45efb93d7583",
            "7508cd19-83b8-4cc2-9268-478619ad54c2",
            "743bae49-462b-4f9d-a231-9f5e48ff0be9",
            "4ce21ae1-1738-453a-873e-f728a5257f79"
          ],
          "failures": [],
          "pending": [],
          "skipped": [],
          "duration": 558,
          "root": false,
          "rootEmpty": false,
          "_timeout": 2000
        },
        {
          "uuid": "37c48056-79e5-40d1-980c-fefd55cb85cb",
          "title": "3 - Adicione a cor **preta** como a primeira cor da paleta de cores.",
          "fullFile": "",
          "file": "",
          "beforeHooks": [],
          "afterHooks": [],
          "tests": [
            {
              "title": "Verifica se a primeira cor da paleta é preta",
              "fullTitle": "3 - Adicione a cor **preta** como a primeira cor da paleta de cores. Verifica se a primeira cor da paleta é preta",
              "timedOut": null,
              "duration": 83,
              "state": "passed",
              "speed": "slow",
              "pass": true,
              "fail": false,
              "pending": false,
              "context": null,
              "code": "cy.get('.color').first().should('have.css', 'background-color', BLACK);",
              "err": {},
              "uuid": "c256345e-3b3f-42d6-a1fd-3a2ff12e6663",
              "parentUUID": "37c48056-79e5-40d1-980c-fefd55cb85cb",
              "isHook": false,
              "skipped": false
            },
            {
              "title": "Verifica se as demais cores podem ser escolhidas livremente.",
              "fullTitle": "3 - Adicione a cor **preta** como a primeira cor da paleta de cores. Verifica se as demais cores podem ser escolhidas livremente.",
              "timedOut": null,
              "duration": 115,
              "state": "passed",
              "speed": "slow",
              "pass": true,
              "fail": false,
              "pending": false,
              "context": null,
              "code": "cy.get('.color').eq(1).should('not.have.css', 'background-color', BLACK);\ncy.get('.color').eq(1).should('not.have.css', 'background-color', WHITE);\ncy.get('.color').eq(1).should('not.have.css', 'background-color', 'rgba(0, 0, 0, 0)');\ncy.get('.color').eq(1).should('have.css', 'background-color');\ncy.get('.color').eq(2).should('not.have.css', 'background-color', BLACK);\ncy.get('.color').eq(2).should('not.have.css', 'background-color', WHITE);\ncy.get('.color').eq(2).should('not.have.css', 'background-color', 'rgba(0, 0, 0, 0)');\ncy.get('.color').eq(2).should('have.css', 'background-color');\ncy.get('.color').eq(3).should('not.have.css', 'background-color', BLACK);\ncy.get('.color').eq(3).should('not.have.css', 'background-color', WHITE);\ncy.get('.color').eq(3).should('not.have.css', 'background-color', 'rgba(0, 0, 0, 0)');\ncy.get('.color').eq(3).should('have.css', 'background-color');",
              "err": {},
              "uuid": "cb658e4f-25e5-4c81-b992-8e27832aad7b",
              "parentUUID": "37c48056-79e5-40d1-980c-fefd55cb85cb",
              "isHook": false,
              "skipped": false
            }
          ],
          "suites": [],
          "passes": [
            "c256345e-3b3f-42d6-a1fd-3a2ff12e6663",
            "cb658e4f-25e5-4c81-b992-8e27832aad7b"
          ],
          "failures": [],
          "pending": [],
          "skipped": [],
          "duration": 198,
          "root": false,
          "rootEmpty": false,
          "_timeout": 2000
        },
        {
          "uuid": "f5cacdc0-2bcb-4911-839d-a6dccfe039b0",
          "title": "4 - Adicione à página um quadro de pixels, com 25 pixels.",
          "fullFile": "",
          "file": "",
          "beforeHooks": [],
          "afterHooks": [],
          "tests": [
            {
              "title": "Verifica se o quadro de pixels possui o `id` denominado `pixel-board`",
              "fullTitle": "4 - Adicione à página um quadro de pixels, com 25 pixels. Verifica se o quadro de pixels possui o `id` denominado `pixel-board`",
              "timedOut": null,
              "duration": 47,
              "state": "passed",
              "speed": "medium",
              "pass": true,
              "fail": false,
              "pending": false,
              "context": null,
              "code": "cy.get('#pixel-board').should('be.visible');",
              "err": {},
              "uuid": "5f548813-1e8d-4cd2-b66c-571aa8bc2e64",
              "parentUUID": "f5cacdc0-2bcb-4911-839d-a6dccfe039b0",
              "isHook": false,
              "skipped": false
            },
            {
              "title": "Verifica se cada pixel individual dentro do quadro possui a `classe` denominada `pixel`.",
              "fullTitle": "4 - Adicione à página um quadro de pixels, com 25 pixels. Verifica se cada pixel individual dentro do quadro possui a `classe` denominada `pixel`.",
              "timedOut": null,
              "duration": 64,
              "state": "passed",
              "speed": "medium",
              "pass": true,
              "fail": false,
              "pending": false,
              "context": null,
              "code": "cy.get('.pixel').should('have.length', 25);",
              "err": {},
              "uuid": "6f0fd563-533b-47d3-869e-3fd86220634d",
              "parentUUID": "f5cacdc0-2bcb-4911-839d-a6dccfe039b0",
              "isHook": false,
              "skipped": false
            },
            {
              "title": "Verifica se a cor inicial dos pixels dentro do quadro, ao abrir a página, é branca.",
              "fullTitle": "4 - Adicione à página um quadro de pixels, com 25 pixels. Verifica se a cor inicial dos pixels dentro do quadro, ao abrir a página, é branca.",
              "timedOut": null,
              "duration": 90,
              "state": "passed",
              "speed": "slow",
              "pass": true,
              "fail": false,
              "pending": false,
              "context": null,
              "code": "cy.get('.pixel').should('have.length', 25).each(function (pixel) {\n  expect(pixel).to.have.css('background-color', WHITE);\n});",
              "err": {},
              "uuid": "1ed66731-34f7-47ce-92f1-174ea3c2be2d",
              "parentUUID": "f5cacdc0-2bcb-4911-839d-a6dccfe039b0",
              "isHook": false,
              "skipped": false
            },
            {
              "title": "Verifica se o quadro de pixels aparece abaixo da paleta de cores",
              "fullTitle": "4 - Adicione à página um quadro de pixels, com 25 pixels. Verifica se o quadro de pixels aparece abaixo da paleta de cores",
              "timedOut": null,
              "duration": 52,
              "state": "passed",
              "speed": "medium",
              "pass": true,
              "fail": false,
              "pending": false,
              "context": null,
              "code": "cy.get('#color-palette').then(function (palette) {\n  cy.get('#pixel-board').should('be.belowOf', palette);\n});",
              "err": {},
              "uuid": "2d824e81-2722-48c5-863f-04d69242eb70",
              "parentUUID": "f5cacdc0-2bcb-4911-839d-a6dccfe039b0",
              "isHook": false,
              "skipped": false
            }
          ],
          "suites": [],
          "passes": [
            "5f548813-1e8d-4cd2-b66c-571aa8bc2e64",
            "6f0fd563-533b-47d3-869e-3fd86220634d",
            "1ed66731-34f7-47ce-92f1-174ea3c2be2d",
            "2d824e81-2722-48c5-863f-04d69242eb70"
          ],
          "failures": [],
          "pending": [],
          "skipped": [],
          "duration": 253,
          "root": false,
          "rootEmpty": false,
          "_timeout": 2000
        },
        {
          "uuid": "324166f6-266e-4be5-bff3-8d8af6c66f57",
          "title": "5 - Faça com que cada elemento do quadro de pixels possua 40 pixels de largura, 40 pixels de altura e seja delimitado por uma borda preta de 1 pixel.",
          "fullFile": "",
          "file": "",
          "beforeHooks": [],
          "afterHooks": [],
          "tests": [
            {
              "title": "Verifica se o quadro de pixels tem altura e comprimento de 5 elementos",
              "fullTitle": "5 - Faça com que cada elemento do quadro de pixels possua 40 pixels de largura, 40 pixels de altura e seja delimitado por uma borda preta de 1 pixel. Verifica se o quadro de pixels tem altura e comprimento de 5 elementos",
              "timedOut": null,
              "duration": 155,
              "state": "passed",
              "speed": "slow",
              "pass": true,
              "fail": false,
              "pending": false,
              "context": null,
              "code": "cy.get('.pixel').should('have.length', 25).each(function (pixel) {\n  expect(pixel).to.have.css('background-color', WHITE);\n}).and(function (pixels) {\n  var rows = chunk(pixels, 5);\n  rows.forEach(function (row) {\n    for (var index = 1; index < row.length; index += 1) {\n      var current = pixels[index];\n      var previous = pixels[index - 1];\n      cy.wrap(current).should('be.onTheRightOf', previous).and('be.horizontallyAlignedWith', previous);\n    }\n  });\n  for (var index = 1; index < 5; index += 1) {\n    expect(pixels[index * 5]).to.be.belowOf(pixels[(index - 1) * 5]);\n  }\n});",
              "err": {},
              "uuid": "55fa081f-292d-4d0c-8504-55f5b587cd87",
              "parentUUID": "324166f6-266e-4be5-bff3-8d8af6c66f57",
              "isHook": false,
              "skipped": false
            },
            {
              "title": "Verifica se 40 pixels é o tamanho total do elemento, incluindo seu conteúdo e excluindo a borda preta, que deve ser criada à parte.",
              "fullTitle": "5 - Faça com que cada elemento do quadro de pixels possua 40 pixels de largura, 40 pixels de altura e seja delimitado por uma borda preta de 1 pixel. Verifica se 40 pixels é o tamanho total do elemento, incluindo seu conteúdo e excluindo a borda preta, que deve ser criada à parte.",
              "timedOut": null,
              "duration": 156,
              "state": "passed",
              "speed": "slow",
              "pass": true,
              "fail": false,
              "pending": false,
              "context": null,
              "code": "cy.get('.pixel').each(function (pixel) {\n  cy.wrap(pixel).should('have.css', 'height', '40px').and('have.css', 'width', '40px').and('have.css', 'border', \"1px solid \".concat(BLACK));\n});",
              "err": {},
              "uuid": "f758f610-3a1e-4f22-93fd-65fe1ee64f7f",
              "parentUUID": "324166f6-266e-4be5-bff3-8d8af6c66f57",
              "isHook": false,
              "skipped": false
            }
          ],
          "suites": [],
          "passes": [
            "55fa081f-292d-4d0c-8504-55f5b587cd87",
            "f758f610-3a1e-4f22-93fd-65fe1ee64f7f"
          ],
          "failures": [],
          "pending": [],
          "skipped": [],
          "duration": 311,
          "root": false,
          "rootEmpty": false,
          "_timeout": 2000
        },
        {
          "uuid": "49e15dbc-c1e6-47e5-9901-3c6f1547c033",
          "title": "6 - Defina a cor preta como cor inicial. Ao carregar a página a cor preta já deve estar selecionada para pintar os pixels",
          "fullFile": "",
          "file": "",
          "beforeHooks": [],
          "afterHooks": [],
          "tests": [
            {
              "title": "Verifica se o elemento da cor preta possui, inicialmente, a `classe` `selected`",
              "fullTitle": "6 - Defina a cor preta como cor inicial. Ao carregar a página a cor preta já deve estar selecionada para pintar os pixels Verifica se o elemento da cor preta possui, inicialmente, a `classe` `selected`",
              "timedOut": null,
              "duration": 50,
              "state": "passed",
              "speed": "medium",
              "pass": true,
              "fail": false,
              "pending": false,
              "context": null,
              "code": "cy.get('.selected').first().should('have.css', 'background-color', BLACK);",
              "err": {},
              "uuid": "6a124acc-1259-44e1-a592-cd28ba472e3b",
              "parentUUID": "49e15dbc-c1e6-47e5-9901-3c6f1547c033",
              "isHook": false,
              "skipped": false
            },
            {
              "title": "Verifica se nenhuma outra cor da paleta tem a `classe` `selected`",
              "fullTitle": "6 - Defina a cor preta como cor inicial. Ao carregar a página a cor preta já deve estar selecionada para pintar os pixels Verifica se nenhuma outra cor da paleta tem a `classe` `selected`",
              "timedOut": null,
              "duration": 50,
              "state": "passed",
              "speed": "medium",
              "pass": true,
              "fail": false,
              "pending": false,
              "context": null,
              "code": "cy.get('.color:not(:first-child)').each(function (color) {\n  cy.wrap(color).should('not.have.class', 'selected');\n});",
              "err": {},
              "uuid": "09dc6953-2a52-4e1a-90c9-51c0deccf400",
              "parentUUID": "49e15dbc-c1e6-47e5-9901-3c6f1547c033",
              "isHook": false,
              "skipped": false
            }
          ],
          "suites": [],
          "passes": [
            "6a124acc-1259-44e1-a592-cd28ba472e3b",
            "09dc6953-2a52-4e1a-90c9-51c0deccf400"
          ],
          "failures": [],
          "pending": [],
          "skipped": [],
          "duration": 100,
          "root": false,
          "rootEmpty": false,
          "_timeout": 2000
        },
        {
          "uuid": "4deda30f-1b1a-420f-9371-d74b94d81d05",
          "title": "7 - Clicar em uma das cores da paleta, faz com que ela seja selecionada e utilizada para preencher os pixels no quadro.",
          "fullFile": "",
          "file": "",
          "beforeHooks": [],
          "afterHooks": [],
          "tests": [
            {
              "title": "Verifica se somente uma cor da paleta de cores tem a classe `selected` de cada vez",
              "fullTitle": "7 - Clicar em uma das cores da paleta, faz com que ela seja selecionada e utilizada para preencher os pixels no quadro. Verifica se somente uma cor da paleta de cores tem a classe `selected` de cada vez",
              "timedOut": null,
              "duration": 381,
              "state": "passed",
              "speed": "slow",
              "pass": true,
              "fail": false,
              "pending": false,
              "context": null,
              "code": "cy.get('.color').each(function (selectedColor, selectedColorIndex) {\n  cy.wrap(selectedColor).click();\n  cy.get('.color').each(function (color, colorIndex) {\n    if (colorIndex === selectedColorIndex) {\n      expect(color).to.have[\"class\"]('selected');\n    } else {\n      expect(color).not.to.have[\"class\"]('selected');\n    }\n  });\n});",
              "err": {},
              "uuid": "4cf73c4b-af6f-43f0-97a2-e1ff87865cb1",
              "parentUUID": "4deda30f-1b1a-420f-9371-d74b94d81d05",
              "isHook": false,
              "skipped": false
            },
            {
              "title": "Verifica se os pixels dentro do quadro não têm a classe `selected` quando são clicados",
              "fullTitle": "7 - Clicar em uma das cores da paleta, faz com que ela seja selecionada e utilizada para preencher os pixels no quadro. Verifica se os pixels dentro do quadro não têm a classe `selected` quando são clicados",
              "timedOut": null,
              "duration": 7544,
              "state": "passed",
              "speed": "slow",
              "pass": true,
              "fail": false,
              "pending": false,
              "context": null,
              "code": "cy.get('.color').each(function (color) {\n  var backgroundColor = color.css('background-color');\n  cy.wrap(color).click();\n  cy.get('.pixel').each(function (pixel) {\n    cy.wrap(pixel).click().should('not.have.class', 'selected');\n  });\n});",
              "err": {},
              "uuid": "315689b4-60ee-4f42-bbe9-fefcf05116f4",
              "parentUUID": "4deda30f-1b1a-420f-9371-d74b94d81d05",
              "isHook": false,
              "skipped": false
            }
          ],
          "suites": [],
          "passes": [
            "4cf73c4b-af6f-43f0-97a2-e1ff87865cb1",
            "315689b4-60ee-4f42-bbe9-fefcf05116f4"
          ],
          "failures": [],
          "pending": [],
          "skipped": [],
          "duration": 7925,
          "root": false,
          "rootEmpty": false,
          "_timeout": 2000
        },
        {
          "uuid": "84ac3184-0948-407f-8454-1b8854b4364c",
          "title": "8 - Clicar em um pixel dentro do quadro após selecionar uma cor na paleta, faz com que o pixel seja preenchido com a cor selecionada.",
          "fullFile": "",
          "file": "",
          "beforeHooks": [],
          "afterHooks": [],
          "tests": [
            {
              "title": "Verifica se ao carregar a página deve ser possível pintar os pixels de preto",
              "fullTitle": "8 - Clicar em um pixel dentro do quadro após selecionar uma cor na paleta, faz com que o pixel seja preenchido com a cor selecionada. Verifica se ao carregar a página deve ser possível pintar os pixels de preto",
              "timedOut": null,
              "duration": 1881,
              "state": "passed",
              "speed": "slow",
              "pass": true,
              "fail": false,
              "pending": false,
              "context": null,
              "code": "cy.get('.pixel').each(function (pixel) {\n  cy.wrap(pixel).click().should('have.css', 'background-color', BLACK);\n});",
              "err": {},
              "uuid": "47167af3-133a-45bf-aa78-9cc164c70f9c",
              "parentUUID": "84ac3184-0948-407f-8454-1b8854b4364c",
              "isHook": false,
              "skipped": false
            },
            {
              "title": "Verifica se após selecionar uma outra cor na paleta, é possível pintar os pixels com essa cor",
              "fullTitle": "8 - Clicar em um pixel dentro do quadro após selecionar uma cor na paleta, faz com que o pixel seja preenchido com a cor selecionada. Verifica se após selecionar uma outra cor na paleta, é possível pintar os pixels com essa cor",
              "timedOut": null,
              "duration": 7531,
              "state": "passed",
              "speed": "slow",
              "pass": true,
              "fail": false,
              "pending": false,
              "context": null,
              "code": "cy.get('.color').each(function (color) {\n  var backgroundColor = color.css('background-color');\n  cy.wrap(color).click();\n  cy.get('.pixel').each(function (pixel) {\n    cy.wrap(pixel).click().should('have.css', 'background-color', backgroundColor);\n  });\n});",
              "err": {},
              "uuid": "bc2e2690-b1c8-4f92-a500-7d12226caa10",
              "parentUUID": "84ac3184-0948-407f-8454-1b8854b4364c",
              "isHook": false,
              "skipped": false
            },
            {
              "title": "Verifica se somente o pixel que foi clicado foi preenchido com a cor selecionada, sem influenciar na cor dos demais pixels.",
              "fullTitle": "8 - Clicar em um pixel dentro do quadro após selecionar uma cor na paleta, faz com que o pixel seja preenchido com a cor selecionada. Verifica se somente o pixel que foi clicado foi preenchido com a cor selecionada, sem influenciar na cor dos demais pixels.",
              "timedOut": null,
              "duration": 925,
              "state": "passed",
              "speed": "slow",
              "pass": true,
              "fail": false,
              "pending": false,
              "context": null,
              "code": "var colorToPixelIndexMap = {\n  0: 6,\n  1: 8,\n  2: 16,\n  3: 18\n};\ncy.get('.color').each(function (color, index) {\n  cy.wrap(color).click();\n  var backgroundColor = color.css('background-color');\n  var clickedPixelIndex = colorToPixelIndexMap[index];\n  cy.get('.pixel').eq(clickedPixelIndex).click();\n  cy.get('.pixel').eq(clickedPixelIndex - 1).should('not.have.css', 'background-color', backgroundColor);\n  cy.get('.pixel').eq(clickedPixelIndex + 1).should('not.have.css', 'background-color', backgroundColor);\n  cy.get('.pixel').eq(clickedPixelIndex - 5).should('not.have.css', 'background-color', backgroundColor);\n  cy.get('.pixel').eq(clickedPixelIndex + 5).should('not.have.css', 'background-color', backgroundColor);\n  cy.get('.pixel').eq(clickedPixelIndex - 6).should('not.have.css', 'background-color', backgroundColor);\n  cy.get('.pixel').eq(clickedPixelIndex - 4).should('not.have.css', 'background-color', backgroundColor);\n  cy.get('.pixel').eq(clickedPixelIndex + 4).should('not.have.css', 'background-color', backgroundColor);\n  cy.get('.pixel').eq(clickedPixelIndex + 6).should('not.have.css', 'background-color', backgroundColor);\n});",
              "err": {},
              "uuid": "59643f29-dc77-4501-b055-6d413e5cb7fb",
              "parentUUID": "84ac3184-0948-407f-8454-1b8854b4364c",
              "isHook": false,
              "skipped": false
            }
          ],
          "suites": [],
          "passes": [
            "47167af3-133a-45bf-aa78-9cc164c70f9c",
            "bc2e2690-b1c8-4f92-a500-7d12226caa10",
            "59643f29-dc77-4501-b055-6d413e5cb7fb"
          ],
          "failures": [],
          "pending": [],
          "skipped": [],
          "duration": 10337,
          "root": false,
          "rootEmpty": false,
          "_timeout": 2000
        },
        {
          "uuid": "f3c65f55-2115-4c48-a3f4-93a6e6bf5fa0",
          "title": "9 - Crie um botão que, ao ser clicado, limpa o quadro preenchendo a cor de todos seus pixels com branco.",
          "fullFile": "",
          "file": "",
          "beforeHooks": [],
          "afterHooks": [],
          "tests": [
            {
              "title": "Verifica se o botão tem o `id` denominado `clear-board`",
              "fullTitle": "9 - Crie um botão que, ao ser clicado, limpa o quadro preenchendo a cor de todos seus pixels com branco. Verifica se o botão tem o `id` denominado `clear-board`",
              "timedOut": null,
              "duration": 50,
              "state": "passed",
              "speed": "medium",
              "pass": true,
              "fail": false,
              "pending": false,
              "context": null,
              "code": "cy.get('#clear-board').should('be.visible');",
              "err": {},
              "uuid": "cde3a8a6-9313-4451-af83-c758c3cb2a3d",
              "parentUUID": "f3c65f55-2115-4c48-a3f4-93a6e6bf5fa0",
              "isHook": false,
              "skipped": false
            },
            {
              "title": "Verifica se o botão está posicionado entre a paleta de cores e o quadro de pixels",
              "fullTitle": "9 - Crie um botão que, ao ser clicado, limpa o quadro preenchendo a cor de todos seus pixels com branco. Verifica se o botão está posicionado entre a paleta de cores e o quadro de pixels",
              "timedOut": null,
              "duration": 4160,
              "state": "failed",
              "speed": null,
              "pass": false,
              "fail": true,
              "pending": false,
              "context": null,
              "code": "cy.get('#color-palette').then(function (palette) {\n  cy.get('#clear-board').should('be.belowOf', palette);\n});\ncy.get('#clear-board').then(function (clearBtn) {\n  cy.get('#pixel-board').should('be.belowOf', clearBtn);\n});",
              "err": {
                "message": "CypressError: Timed out retrying: expected '<button#clear-board>' to be below of { Object (0, length, ...) }",
                "estack": "CypressError: Timed out retrying: expected '<button#clear-board>' to be below of { Object (0, length, ...) }\n    at cypressErr (http://localhost:38011/__cypress/runner/cypress_runner.js:149934:9)\n    at throwErr (http://localhost:38011/__cypress/runner/cypress_runner.js:149867:11)\n    at Object.throwErrByPath (http://localhost:38011/__cypress/runner/cypress_runner.js:149915:3)\n    at retry (http://localhost:38011/__cypress/runner/cypress_runner.js:144197:19)\n    at onFailFn (http://localhost:38011/__cypress/runner/cypress_runner.js:132448:16)\n    at tryCatcher (http://localhost:38011/__cypress/runner/cypress_runner.js:167415:23)\n    at Promise._settlePromiseFromHandler (http://localhost:38011/__cypress/runner/cypress_runner.js:165351:31)\n    at Promise._settlePromise (http://localhost:38011/__cypress/runner/cypress_runner.js:165408:18)\n    at Promise._settlePromise0 (http://localhost:38011/__cypress/runner/cypress_runner.js:165453:10)\n    at Promise._settlePromises (http://localhost:38011/__cypress/runner/cypress_runner.js:165528:18)\n    at Async../node_modules/bluebird/js/release/async.js.Async._drainQueue (http://localhost:38011/__cypress/runner/cypress_runner.js:162140:16)\n    at Async../node_modules/bluebird/js/release/async.js.Async._drainQueues (http://localhost:38011/__cypress/runner/cypress_runner.js:162150:10)\n    at Async.drainQueues (http://localhost:38011/__cypress/runner/cypress_runner.js:162024:14)",
                "diff": null
              },
              "uuid": "1bd15655-d577-4f4c-99d0-9915140b9a66",
              "parentUUID": "f3c65f55-2115-4c48-a3f4-93a6e6bf5fa0",
              "isHook": false,
              "skipped": false
            },
            {
              "title": "Verifica se o texto do botão é 'Limpar'",
              "fullTitle": "9 - Crie um botão que, ao ser clicado, limpa o quadro preenchendo a cor de todos seus pixels com branco. Verifica se o texto do botão é 'Limpar'",
              "timedOut": null,
              "duration": 73,
              "state": "passed",
              "speed": "medium",
              "pass": true,
              "fail": false,
              "pending": false,
              "context": null,
              "code": "cy.get('#clear-board').should('contain.text', 'Limpar');",
              "err": {},
              "uuid": "cd9a6a9a-3a2d-4729-98de-810a5ede837e",
              "parentUUID": "f3c65f55-2115-4c48-a3f4-93a6e6bf5fa0",
              "isHook": false,
              "skipped": false
            },
            {
              "title": "Verifica se ao clicar no botão, o quadro de pixels é totalmente preenchido de branco",
              "fullTitle": "9 - Crie um botão que, ao ser clicado, limpa o quadro preenchendo a cor de todos seus pixels com branco. Verifica se ao clicar no botão, o quadro de pixels é totalmente preenchido de branco",
              "timedOut": null,
              "duration": 2041,
              "state": "passed",
              "speed": "slow",
              "pass": true,
              "fail": false,
              "pending": false,
              "context": null,
              "code": "cy.get('.color').eq(1).then(function (color) {\n  var backgroundColor = color.css('background-color');\n  cy.wrap(color).click();\n  cy.get('.pixel').each(function (pixel) {\n    cy.wrap(pixel).click().should('have.css', 'background-color', backgroundColor);\n  });\n});\ncy.get('#clear-board').click();\ncy.get('.pixel').each(function (pixel) {\n  cy.wrap(pixel).should('have.css', 'background-color', WHITE);\n});",
              "err": {},
              "uuid": "50fd71e9-5ab5-44e7-831f-fa134fd2bbf1",
              "parentUUID": "f3c65f55-2115-4c48-a3f4-93a6e6bf5fa0",
              "isHook": false,
              "skipped": false
            }
          ],
          "suites": [],
          "passes": [
            "cde3a8a6-9313-4451-af83-c758c3cb2a3d",
            "cd9a6a9a-3a2d-4729-98de-810a5ede837e",
            "50fd71e9-5ab5-44e7-831f-fa134fd2bbf1"
          ],
          "failures": [
            "1bd15655-d577-4f4c-99d0-9915140b9a66"
          ],
          "pending": [],
          "skipped": [],
          "duration": 6324,
          "root": false,
          "rootEmpty": false,
          "_timeout": 2000
        },
        {
          "uuid": "2d7f8998-e74b-41b0-b026-e58996fe9c0f",
          "title": "10 - Faça o quadro de pixels ter seu tamanho definido pelo usuário.",
          "fullFile": "",
          "file": "",
          "beforeHooks": [],
          "afterHooks": [],
          "tests": [
            {
              "title": "Verifica se existe um input com o id `board-size`",
              "fullTitle": "10 - Faça o quadro de pixels ter seu tamanho definido pelo usuário. Verifica se existe um input com o id `board-size`",
              "timedOut": null,
              "duration": 4184,
              "state": "failed",
              "speed": null,
              "pass": false,
              "fail": true,
              "pending": false,
              "context": null,
              "code": "cy.get('#board-size').should('be.visible');",
              "err": {
                "message": "CypressError: Timed out retrying: Expected to find element: '#board-size', but never found it.",
                "estack": "CypressError: Timed out retrying: Expected to find element: '#board-size', but never found it.\n    at cypressErr (http://localhost:38011/__cypress/runner/cypress_runner.js:149934:9)\n    at throwErr (http://localhost:38011/__cypress/runner/cypress_runner.js:149867:11)\n    at Object.throwErrByPath (http://localhost:38011/__cypress/runner/cypress_runner.js:149915:3)\n    at retry (http://localhost:38011/__cypress/runner/cypress_runner.js:144197:19)\n    at onFailFn (http://localhost:38011/__cypress/runner/cypress_runner.js:132448:16)\n    at tryCatcher (http://localhost:38011/__cypress/runner/cypress_runner.js:167415:23)\n    at Promise._settlePromiseFromHandler (http://localhost:38011/__cypress/runner/cypress_runner.js:165351:31)\n    at Promise._settlePromise (http://localhost:38011/__cypress/runner/cypress_runner.js:165408:18)\n    at Promise._settlePromise0 (http://localhost:38011/__cypress/runner/cypress_runner.js:165453:10)\n    at Promise._settlePromises (http://localhost:38011/__cypress/runner/cypress_runner.js:165528:18)\n    at Async../node_modules/bluebird/js/release/async.js.Async._drainQueue (http://localhost:38011/__cypress/runner/cypress_runner.js:162140:16)\n    at Async../node_modules/bluebird/js/release/async.js.Async._drainQueues (http://localhost:38011/__cypress/runner/cypress_runner.js:162150:10)\n    at Async.drainQueues (http://localhost:38011/__cypress/runner/cypress_runner.js:162024:14)",
                "diff": null
              },
              "uuid": "3f0628cb-9a7f-4142-892c-0b6f37ee6bbb",
              "parentUUID": "2d7f8998-e74b-41b0-b026-e58996fe9c0f",
              "isHook": false,
              "skipped": false
            },
            {
              "title": "Verifica se existe um botão com o id `generate-board`",
              "fullTitle": "10 - Faça o quadro de pixels ter seu tamanho definido pelo usuário. Verifica se existe um botão com o id `generate-board`",
              "timedOut": null,
              "duration": 4159,
              "state": "failed",
              "speed": null,
              "pass": false,
              "fail": true,
              "pending": false,
              "context": null,
              "code": "cy.get('#generate-board').should('be.visible');",
              "err": {
                "message": "CypressError: Timed out retrying: Expected to find element: '#generate-board', but never found it.",
                "estack": "CypressError: Timed out retrying: Expected to find element: '#generate-board', but never found it.\n    at cypressErr (http://localhost:38011/__cypress/runner/cypress_runner.js:149934:9)\n    at throwErr (http://localhost:38011/__cypress/runner/cypress_runner.js:149867:11)\n    at Object.throwErrByPath (http://localhost:38011/__cypress/runner/cypress_runner.js:149915:3)\n    at retry (http://localhost:38011/__cypress/runner/cypress_runner.js:144197:19)\n    at onFailFn (http://localhost:38011/__cypress/runner/cypress_runner.js:132448:16)\n    at tryCatcher (http://localhost:38011/__cypress/runner/cypress_runner.js:167415:23)\n    at Promise._settlePromiseFromHandler (http://localhost:38011/__cypress/runner/cypress_runner.js:165351:31)\n    at Promise._settlePromise (http://localhost:38011/__cypress/runner/cypress_runner.js:165408:18)\n    at Promise._settlePromise0 (http://localhost:38011/__cypress/runner/cypress_runner.js:165453:10)\n    at Promise._settlePromises (http://localhost:38011/__cypress/runner/cypress_runner.js:165528:18)\n    at Async../node_modules/bluebird/js/release/async.js.Async._drainQueue (http://localhost:38011/__cypress/runner/cypress_runner.js:162140:16)\n    at Async../node_modules/bluebird/js/release/async.js.Async._drainQueues (http://localhost:38011/__cypress/runner/cypress_runner.js:162150:10)\n    at Async.drainQueues (http://localhost:38011/__cypress/runner/cypress_runner.js:162024:14)",
                "diff": null
              },
              "uuid": "7fadd755-c5cb-464d-a152-79f613569605",
              "parentUUID": "2d7f8998-e74b-41b0-b026-e58996fe9c0f",
              "isHook": false,
              "skipped": false
            },
            {
              "title": "Verifica se o input só aceita número maiores que zero. Essa restrição deve ser feita usando os atributos do elemento `input`",
              "fullTitle": "10 - Faça o quadro de pixels ter seu tamanho definido pelo usuário. Verifica se o input só aceita número maiores que zero. Essa restrição deve ser feita usando os atributos do elemento `input`",
              "timedOut": null,
              "duration": 4156,
              "state": "failed",
              "speed": null,
              "pass": false,
              "fail": true,
              "pending": false,
              "context": null,
              "code": "cy.get('#board-size[type=\\'number\\'][min=\\'1\\']');",
              "err": {
                "message": "CypressError: Timed out retrying: Expected to find element: '#board-size[type='number'][min='1']', but never found it.",
                "estack": "CypressError: Timed out retrying: Expected to find element: '#board-size[type='number'][min='1']', but never found it.\n    at cypressErr (http://localhost:38011/__cypress/runner/cypress_runner.js:149934:9)\n    at throwErr (http://localhost:38011/__cypress/runner/cypress_runner.js:149867:11)\n    at Object.throwErrByPath (http://localhost:38011/__cypress/runner/cypress_runner.js:149915:3)\n    at retry (http://localhost:38011/__cypress/runner/cypress_runner.js:144197:19)\n    at onFailFn (http://localhost:38011/__cypress/runner/cypress_runner.js:132448:16)\n    at tryCatcher (http://localhost:38011/__cypress/runner/cypress_runner.js:167415:23)\n    at Promise._settlePromiseFromHandler (http://localhost:38011/__cypress/runner/cypress_runner.js:165351:31)\n    at Promise._settlePromise (http://localhost:38011/__cypress/runner/cypress_runner.js:165408:18)\n    at Promise._settlePromise0 (http://localhost:38011/__cypress/runner/cypress_runner.js:165453:10)\n    at Promise._settlePromises (http://localhost:38011/__cypress/runner/cypress_runner.js:165528:18)\n    at Async../node_modules/bluebird/js/release/async.js.Async._drainQueue (http://localhost:38011/__cypress/runner/cypress_runner.js:162140:16)\n    at Async../node_modules/bluebird/js/release/async.js.Async._drainQueues (http://localhost:38011/__cypress/runner/cypress_runner.js:162150:10)\n    at Async.drainQueues (http://localhost:38011/__cypress/runner/cypress_runner.js:162024:14)",
                "diff": null
              },
              "uuid": "c35fc375-72ea-49d4-9465-a250cc785f16",
              "parentUUID": "2d7f8998-e74b-41b0-b026-e58996fe9c0f",
              "isHook": false,
              "skipped": false
            },
            {
              "title": "Verifica se o botão contém o texto 'VQV'",
              "fullTitle": "10 - Faça o quadro de pixels ter seu tamanho definido pelo usuário. Verifica se o botão contém o texto 'VQV'",
              "timedOut": null,
              "duration": 4160,
              "state": "failed",
              "speed": null,
              "pass": false,
              "fail": true,
              "pending": false,
              "context": null,
              "code": "cy.get('#generate-board').contains(/vqv/i);",
              "err": {
                "message": "CypressError: Timed out retrying: Expected to find element: '#generate-board', but never found it.",
                "estack": "CypressError: Timed out retrying: Expected to find element: '#generate-board', but never found it.\n    at cypressErr (http://localhost:38011/__cypress/runner/cypress_runner.js:149934:9)\n    at throwErr (http://localhost:38011/__cypress/runner/cypress_runner.js:149867:11)\n    at Object.throwErrByPath (http://localhost:38011/__cypress/runner/cypress_runner.js:149915:3)\n    at retry (http://localhost:38011/__cypress/runner/cypress_runner.js:144197:19)\n    at onFailFn (http://localhost:38011/__cypress/runner/cypress_runner.js:132448:16)\n    at tryCatcher (http://localhost:38011/__cypress/runner/cypress_runner.js:167415:23)\n    at Promise._settlePromiseFromHandler (http://localhost:38011/__cypress/runner/cypress_runner.js:165351:31)\n    at Promise._settlePromise (http://localhost:38011/__cypress/runner/cypress_runner.js:165408:18)\n    at Promise._settlePromise0 (http://localhost:38011/__cypress/runner/cypress_runner.js:165453:10)\n    at Promise._settlePromises (http://localhost:38011/__cypress/runner/cypress_runner.js:165528:18)\n    at Async../node_modules/bluebird/js/release/async.js.Async._drainQueue (http://localhost:38011/__cypress/runner/cypress_runner.js:162140:16)\n    at Async../node_modules/bluebird/js/release/async.js.Async._drainQueues (http://localhost:38011/__cypress/runner/cypress_runner.js:162150:10)\n    at Async.drainQueues (http://localhost:38011/__cypress/runner/cypress_runner.js:162024:14)",
                "diff": null
              },
              "uuid": "447a9823-5b42-43df-a751-8eed9552d7e8",
              "parentUUID": "2d7f8998-e74b-41b0-b026-e58996fe9c0f",
              "isHook": false,
              "skipped": false
            },
            {
              "title": "Verifica se o input está posicionado entre a paleta de cores e o quadro de pixels",
              "fullTitle": "10 - Faça o quadro de pixels ter seu tamanho definido pelo usuário. Verifica se o input está posicionado entre a paleta de cores e o quadro de pixels",
              "timedOut": null,
              "duration": 4169,
              "state": "failed",
              "speed": null,
              "pass": false,
              "fail": true,
              "pending": false,
              "context": null,
              "code": "cy.get('#color-palette').then(function (palette) {\n  cy.get('#board-size').should('be.belowOf', palette);\n});\ncy.get('#board-size').then(function (palette) {\n  cy.get('#pixel-board').should('be.belowOf', palette);\n});",
              "err": {
                "message": "CypressError: Timed out retrying: Expected to find element: '#board-size', but never found it.",
                "estack": "CypressError: Timed out retrying: Expected to find element: '#board-size', but never found it.\n    at cypressErr (http://localhost:38011/__cypress/runner/cypress_runner.js:149934:9)\n    at throwErr (http://localhost:38011/__cypress/runner/cypress_runner.js:149867:11)\n    at Object.throwErrByPath (http://localhost:38011/__cypress/runner/cypress_runner.js:149915:3)\n    at retry (http://localhost:38011/__cypress/runner/cypress_runner.js:144197:19)\n    at onFailFn (http://localhost:38011/__cypress/runner/cypress_runner.js:132448:16)\n    at tryCatcher (http://localhost:38011/__cypress/runner/cypress_runner.js:167415:23)\n    at Promise._settlePromiseFromHandler (http://localhost:38011/__cypress/runner/cypress_runner.js:165351:31)\n    at Promise._settlePromise (http://localhost:38011/__cypress/runner/cypress_runner.js:165408:18)\n    at Promise._settlePromise0 (http://localhost:38011/__cypress/runner/cypress_runner.js:165453:10)\n    at Promise._settlePromises (http://localhost:38011/__cypress/runner/cypress_runner.js:165528:18)\n    at Async../node_modules/bluebird/js/release/async.js.Async._drainQueue (http://localhost:38011/__cypress/runner/cypress_runner.js:162140:16)\n    at Async../node_modules/bluebird/js/release/async.js.Async._drainQueues (http://localhost:38011/__cypress/runner/cypress_runner.js:162150:10)\n    at Async.drainQueues (http://localhost:38011/__cypress/runner/cypress_runner.js:162024:14)",
                "diff": null
              },
              "uuid": "84280245-925f-4770-86bb-8833971c54c0",
              "parentUUID": "2d7f8998-e74b-41b0-b026-e58996fe9c0f",
              "isHook": false,
              "skipped": false
            },
            {
              "title": "Verifica se o botão está posicionado ao lado do input",
              "fullTitle": "10 - Faça o quadro de pixels ter seu tamanho definido pelo usuário. Verifica se o botão está posicionado ao lado do input",
              "timedOut": null,
              "duration": 4158,
              "state": "failed",
              "speed": null,
              "pass": false,
              "fail": true,
              "pending": false,
              "context": null,
              "code": "cy.get('#board-size').then(function (board) {\n  cy.get('#generate-board').should('be.onTheRightOf', board);\n});",
              "err": {
                "message": "CypressError: Timed out retrying: Expected to find element: '#board-size', but never found it.",
                "estack": "CypressError: Timed out retrying: Expected to find element: '#board-size', but never found it.\n    at cypressErr (http://localhost:38011/__cypress/runner/cypress_runner.js:149934:9)\n    at throwErr (http://localhost:38011/__cypress/runner/cypress_runner.js:149867:11)\n    at Object.throwErrByPath (http://localhost:38011/__cypress/runner/cypress_runner.js:149915:3)\n    at retry (http://localhost:38011/__cypress/runner/cypress_runner.js:144197:19)\n    at onFailFn (http://localhost:38011/__cypress/runner/cypress_runner.js:132448:16)\n    at tryCatcher (http://localhost:38011/__cypress/runner/cypress_runner.js:167415:23)\n    at Promise._settlePromiseFromHandler (http://localhost:38011/__cypress/runner/cypress_runner.js:165351:31)\n    at Promise._settlePromise (http://localhost:38011/__cypress/runner/cypress_runner.js:165408:18)\n    at Promise._settlePromise0 (http://localhost:38011/__cypress/runner/cypress_runner.js:165453:10)\n    at Promise._settlePromises (http://localhost:38011/__cypress/runner/cypress_runner.js:165528:18)\n    at Async../node_modules/bluebird/js/release/async.js.Async._drainQueue (http://localhost:38011/__cypress/runner/cypress_runner.js:162140:16)\n    at Async../node_modules/bluebird/js/release/async.js.Async._drainQueues (http://localhost:38011/__cypress/runner/cypress_runner.js:162150:10)\n    at Async.drainQueues (http://localhost:38011/__cypress/runner/cypress_runner.js:162024:14)",
                "diff": null
              },
              "uuid": "821fd167-ddc8-433c-ad49-9b0cdb5748d9",
              "parentUUID": "2d7f8998-e74b-41b0-b026-e58996fe9c0f",
              "isHook": false,
              "skipped": false
            },
            {
              "title": "Verifica se nenhum valor for colocado no input ao clicar no botão, um `alert` é exibido com o texto: 'Board inválido!'",
              "fullTitle": "10 - Faça o quadro de pixels ter seu tamanho definido pelo usuário. Verifica se nenhum valor for colocado no input ao clicar no botão, um `alert` é exibido com o texto: 'Board inválido!'",
              "timedOut": null,
              "duration": 4161,
              "state": "failed",
              "speed": null,
              "pass": false,
              "fail": true,
              "pending": false,
              "context": null,
              "code": "var alerted = false;\ncy.on('window:alert', function (msg) {\n  return alerted = msg;\n});\ncy.get('#generate-board').click().then(function () {\n  return expect(alerted).to.match(/Board inválido!/i);\n});",
              "err": {
                "message": "CypressError: Timed out retrying: Expected to find element: '#generate-board', but never found it.",
                "estack": "CypressError: Timed out retrying: Expected to find element: '#generate-board', but never found it.\n    at cypressErr (http://localhost:38011/__cypress/runner/cypress_runner.js:149934:9)\n    at throwErr (http://localhost:38011/__cypress/runner/cypress_runner.js:149867:11)\n    at Object.throwErrByPath (http://localhost:38011/__cypress/runner/cypress_runner.js:149915:3)\n    at retry (http://localhost:38011/__cypress/runner/cypress_runner.js:144197:19)\n    at onFailFn (http://localhost:38011/__cypress/runner/cypress_runner.js:132448:16)\n    at tryCatcher (http://localhost:38011/__cypress/runner/cypress_runner.js:167415:23)\n    at Promise._settlePromiseFromHandler (http://localhost:38011/__cypress/runner/cypress_runner.js:165351:31)\n    at Promise._settlePromise (http://localhost:38011/__cypress/runner/cypress_runner.js:165408:18)\n    at Promise._settlePromise0 (http://localhost:38011/__cypress/runner/cypress_runner.js:165453:10)\n    at Promise._settlePromises (http://localhost:38011/__cypress/runner/cypress_runner.js:165528:18)\n    at Async../node_modules/bluebird/js/release/async.js.Async._drainQueue (http://localhost:38011/__cypress/runner/cypress_runner.js:162140:16)\n    at Async../node_modules/bluebird/js/release/async.js.Async._drainQueues (http://localhost:38011/__cypress/runner/cypress_runner.js:162150:10)\n    at Async.drainQueues (http://localhost:38011/__cypress/runner/cypress_runner.js:162024:14)",
                "diff": null
              },
              "uuid": "473aa6c3-3a70-4f11-b695-9e5abce2c38b",
              "parentUUID": "2d7f8998-e74b-41b0-b026-e58996fe9c0f",
              "isHook": false,
              "skipped": false
            },
            {
              "title": "Verifica se ao clicar no botão com um valor preenchido, o tamanho do board muda.",
              "fullTitle": "10 - Faça o quadro de pixels ter seu tamanho definido pelo usuário. Verifica se ao clicar no botão com um valor preenchido, o tamanho do board muda.",
              "timedOut": null,
              "duration": 4173,
              "state": "failed",
              "speed": null,
              "pass": false,
              "fail": true,
              "pending": false,
              "context": null,
              "code": "cy.get('#board-size').clear().type(10);\ncy.get('#generate-board').click();\ncy.get('.pixel').should('have.length', 100);",
              "err": {
                "message": "CypressError: Timed out retrying: Expected to find element: '#board-size', but never found it.",
                "estack": "CypressError: Timed out retrying: Expected to find element: '#board-size', but never found it.\n    at cypressErr (http://localhost:38011/__cypress/runner/cypress_runner.js:149934:9)\n    at throwErr (http://localhost:38011/__cypress/runner/cypress_runner.js:149867:11)\n    at Object.throwErrByPath (http://localhost:38011/__cypress/runner/cypress_runner.js:149915:3)\n    at retry (http://localhost:38011/__cypress/runner/cypress_runner.js:144197:19)\n    at onFailFn (http://localhost:38011/__cypress/runner/cypress_runner.js:132448:16)\n    at tryCatcher (http://localhost:38011/__cypress/runner/cypress_runner.js:167415:23)\n    at Promise._settlePromiseFromHandler (http://localhost:38011/__cypress/runner/cypress_runner.js:165351:31)\n    at Promise._settlePromise (http://localhost:38011/__cypress/runner/cypress_runner.js:165408:18)\n    at Promise._settlePromise0 (http://localhost:38011/__cypress/runner/cypress_runner.js:165453:10)\n    at Promise._settlePromises (http://localhost:38011/__cypress/runner/cypress_runner.js:165528:18)\n    at Async../node_modules/bluebird/js/release/async.js.Async._drainQueue (http://localhost:38011/__cypress/runner/cypress_runner.js:162140:16)\n    at Async../node_modules/bluebird/js/release/async.js.Async._drainQueues (http://localhost:38011/__cypress/runner/cypress_runner.js:162150:10)\n    at Async.drainQueues (http://localhost:38011/__cypress/runner/cypress_runner.js:162024:14)",
                "diff": null
              },
              "uuid": "36bc3422-7ebf-4cfb-9f8d-223dae15b81b",
              "parentUUID": "2d7f8998-e74b-41b0-b026-e58996fe9c0f",
              "isHook": false,
              "skipped": false
            },
            {
              "title": "Verifica se o novo quadro tem todos os pixels preenchidos com a cor branca",
              "fullTitle": "10 - Faça o quadro de pixels ter seu tamanho definido pelo usuário. Verifica se o novo quadro tem todos os pixels preenchidos com a cor branca",
              "timedOut": null,
              "duration": 4201,
              "state": "failed",
              "speed": null,
              "pass": false,
              "fail": true,
              "pending": false,
              "context": null,
              "code": "cy.get('#board-size').clear().type(6);\ncy.get('#generate-board').click();\ncy.get('.pixel').should('have.length', 36).each(function (pixel) {\n  expect(pixel).to.have.css('background-color', WHITE);\n});",
              "err": {
                "message": "CypressError: Timed out retrying: Expected to find element: '#board-size', but never found it.",
                "estack": "CypressError: Timed out retrying: Expected to find element: '#board-size', but never found it.\n    at cypressErr (http://localhost:38011/__cypress/runner/cypress_runner.js:149934:9)\n    at throwErr (http://localhost:38011/__cypress/runner/cypress_runner.js:149867:11)\n    at Object.throwErrByPath (http://localhost:38011/__cypress/runner/cypress_runner.js:149915:3)\n    at retry (http://localhost:38011/__cypress/runner/cypress_runner.js:144197:19)\n    at onFailFn (http://localhost:38011/__cypress/runner/cypress_runner.js:132448:16)\n    at tryCatcher (http://localhost:38011/__cypress/runner/cypress_runner.js:167415:23)\n    at Promise._settlePromiseFromHandler (http://localhost:38011/__cypress/runner/cypress_runner.js:165351:31)\n    at Promise._settlePromise (http://localhost:38011/__cypress/runner/cypress_runner.js:165408:18)\n    at Promise._settlePromise0 (http://localhost:38011/__cypress/runner/cypress_runner.js:165453:10)\n    at Promise._settlePromises (http://localhost:38011/__cypress/runner/cypress_runner.js:165528:18)\n    at Async../node_modules/bluebird/js/release/async.js.Async._drainQueue (http://localhost:38011/__cypress/runner/cypress_runner.js:162140:16)\n    at Async../node_modules/bluebird/js/release/async.js.Async._drainQueues (http://localhost:38011/__cypress/runner/cypress_runner.js:162150:10)\n    at Async.drainQueues (http://localhost:38011/__cypress/runner/cypress_runner.js:162024:14)",
                "diff": null
              },
              "uuid": "4169bf99-2722-4f43-b269-596b92987765",
              "parentUUID": "2d7f8998-e74b-41b0-b026-e58996fe9c0f",
              "isHook": false,
              "skipped": false
            }
          ],
          "suites": [],
          "passes": [],
          "failures": [
            "3f0628cb-9a7f-4142-892c-0b6f37ee6bbb",
            "7fadd755-c5cb-464d-a152-79f613569605",
            "c35fc375-72ea-49d4-9465-a250cc785f16",
            "447a9823-5b42-43df-a751-8eed9552d7e8",
            "84280245-925f-4770-86bb-8833971c54c0",
            "821fd167-ddc8-433c-ad49-9b0cdb5748d9",
            "473aa6c3-3a70-4f11-b695-9e5abce2c38b",
            "36bc3422-7ebf-4cfb-9f8d-223dae15b81b",
            "4169bf99-2722-4f43-b269-596b92987765"
          ],
          "pending": [],
          "skipped": [],
          "duration": 37521,
          "root": false,
          "rootEmpty": false,
          "_timeout": 2000
        },
        {
          "uuid": "3d2dba79-708b-49eb-8fb8-a76ffdd2b335",
          "title": "11 - Limite o tamanho mínimo e máximo do board.",
          "fullFile": "",
          "file": "",
          "beforeHooks": [],
          "afterHooks": [],
          "tests": [
            {
              "title": "Verifica se a altura máxima do board é 50",
              "fullTitle": "11 - Limite o tamanho mínimo e máximo do board. Verifica se a altura máxima do board é 50",
              "timedOut": null,
              "duration": 4173,
              "state": "failed",
              "speed": null,
              "pass": false,
              "fail": true,
              "pending": false,
              "context": null,
              "code": "cy.get('#board-size').clear().type(50);\ncy.get('#generate-board').click();\ncy.get('.pixel').should('have.length', 2500);",
              "err": {
                "message": "CypressError: Timed out retrying: Expected to find element: '#board-size', but never found it.",
                "estack": "CypressError: Timed out retrying: Expected to find element: '#board-size', but never found it.\n    at cypressErr (http://localhost:38011/__cypress/runner/cypress_runner.js:149934:9)\n    at throwErr (http://localhost:38011/__cypress/runner/cypress_runner.js:149867:11)\n    at Object.throwErrByPath (http://localhost:38011/__cypress/runner/cypress_runner.js:149915:3)\n    at retry (http://localhost:38011/__cypress/runner/cypress_runner.js:144197:19)\n    at onFailFn (http://localhost:38011/__cypress/runner/cypress_runner.js:132448:16)\n    at tryCatcher (http://localhost:38011/__cypress/runner/cypress_runner.js:167415:23)\n    at Promise._settlePromiseFromHandler (http://localhost:38011/__cypress/runner/cypress_runner.js:165351:31)\n    at Promise._settlePromise (http://localhost:38011/__cypress/runner/cypress_runner.js:165408:18)\n    at Promise._settlePromise0 (http://localhost:38011/__cypress/runner/cypress_runner.js:165453:10)\n    at Promise._settlePromises (http://localhost:38011/__cypress/runner/cypress_runner.js:165528:18)\n    at Async../node_modules/bluebird/js/release/async.js.Async._drainQueue (http://localhost:38011/__cypress/runner/cypress_runner.js:162140:16)\n    at Async../node_modules/bluebird/js/release/async.js.Async._drainQueues (http://localhost:38011/__cypress/runner/cypress_runner.js:162150:10)\n    at Async.drainQueues (http://localhost:38011/__cypress/runner/cypress_runner.js:162024:14)",
                "diff": null
              },
              "uuid": "3285c5e2-9ee7-47b6-9875-fe8593639f76",
              "parentUUID": "3d2dba79-708b-49eb-8fb8-a76ffdd2b335",
              "isHook": false,
              "skipped": false
            },
            {
              "title": "Verifica se a altura do board é 5 quando um valor menor é colocado no input",
              "fullTitle": "11 - Limite o tamanho mínimo e máximo do board. Verifica se a altura do board é 5 quando um valor menor é colocado no input",
              "timedOut": null,
              "duration": 4172,
              "state": "failed",
              "speed": null,
              "pass": false,
              "fail": true,
              "pending": false,
              "context": null,
              "code": "cy.get('#board-size').clear().type(4);\ncy.get('#generate-board').click();\ncy.get('.pixel').should('have.length', 25);",
              "err": {
                "message": "CypressError: Timed out retrying: Expected to find element: '#board-size', but never found it.",
                "estack": "CypressError: Timed out retrying: Expected to find element: '#board-size', but never found it.\n    at cypressErr (http://localhost:38011/__cypress/runner/cypress_runner.js:149934:9)\n    at throwErr (http://localhost:38011/__cypress/runner/cypress_runner.js:149867:11)\n    at Object.throwErrByPath (http://localhost:38011/__cypress/runner/cypress_runner.js:149915:3)\n    at retry (http://localhost:38011/__cypress/runner/cypress_runner.js:144197:19)\n    at onFailFn (http://localhost:38011/__cypress/runner/cypress_runner.js:132448:16)\n    at tryCatcher (http://localhost:38011/__cypress/runner/cypress_runner.js:167415:23)\n    at Promise._settlePromiseFromHandler (http://localhost:38011/__cypress/runner/cypress_runner.js:165351:31)\n    at Promise._settlePromise (http://localhost:38011/__cypress/runner/cypress_runner.js:165408:18)\n    at Promise._settlePromise0 (http://localhost:38011/__cypress/runner/cypress_runner.js:165453:10)\n    at Promise._settlePromises (http://localhost:38011/__cypress/runner/cypress_runner.js:165528:18)\n    at Async../node_modules/bluebird/js/release/async.js.Async._drainQueue (http://localhost:38011/__cypress/runner/cypress_runner.js:162140:16)\n    at Async../node_modules/bluebird/js/release/async.js.Async._drainQueues (http://localhost:38011/__cypress/runner/cypress_runner.js:162150:10)\n    at Async.drainQueues (http://localhost:38011/__cypress/runner/cypress_runner.js:162024:14)",
                "diff": null
              },
              "uuid": "61928895-8d84-4111-84e0-70a4bdc0b56d",
              "parentUUID": "3d2dba79-708b-49eb-8fb8-a76ffdd2b335",
              "isHook": false,
              "skipped": false
            },
            {
              "title": "Verifica se a altura do board é 50 quando um valor maior é colocado no input",
              "fullTitle": "11 - Limite o tamanho mínimo e máximo do board. Verifica se a altura do board é 50 quando um valor maior é colocado no input",
              "timedOut": null,
              "duration": 4157,
              "state": "failed",
              "speed": null,
              "pass": false,
              "fail": true,
              "pending": false,
              "context": null,
              "code": "cy.get('#board-size').clear().type(51);\ncy.get('#generate-board').click();\ncy.get('.pixel').should('have.length', 2500);",
              "err": {
                "message": "CypressError: Timed out retrying: Expected to find element: '#board-size', but never found it.",
                "estack": "CypressError: Timed out retrying: Expected to find element: '#board-size', but never found it.\n    at cypressErr (http://localhost:38011/__cypress/runner/cypress_runner.js:149934:9)\n    at throwErr (http://localhost:38011/__cypress/runner/cypress_runner.js:149867:11)\n    at Object.throwErrByPath (http://localhost:38011/__cypress/runner/cypress_runner.js:149915:3)\n    at retry (http://localhost:38011/__cypress/runner/cypress_runner.js:144197:19)\n    at onFailFn (http://localhost:38011/__cypress/runner/cypress_runner.js:132448:16)\n    at tryCatcher (http://localhost:38011/__cypress/runner/cypress_runner.js:167415:23)\n    at Promise._settlePromiseFromHandler (http://localhost:38011/__cypress/runner/cypress_runner.js:165351:31)\n    at Promise._settlePromise (http://localhost:38011/__cypress/runner/cypress_runner.js:165408:18)\n    at Promise._settlePromise0 (http://localhost:38011/__cypress/runner/cypress_runner.js:165453:10)\n    at Promise._settlePromises (http://localhost:38011/__cypress/runner/cypress_runner.js:165528:18)\n    at Async../node_modules/bluebird/js/release/async.js.Async._drainQueue (http://localhost:38011/__cypress/runner/cypress_runner.js:162140:16)\n    at Async../node_modules/bluebird/js/release/async.js.Async._drainQueues (http://localhost:38011/__cypress/runner/cypress_runner.js:162150:10)\n    at Async.drainQueues (http://localhost:38011/__cypress/runner/cypress_runner.js:162024:14)",
                "diff": null
              },
              "uuid": "31ab02b9-b3d0-4ec9-a5a6-769a93085149",
              "parentUUID": "3d2dba79-708b-49eb-8fb8-a76ffdd2b335",
              "isHook": false,
              "skipped": false
            }
          ],
          "suites": [],
          "passes": [],
          "failures": [
            "3285c5e2-9ee7-47b6-9875-fe8593639f76",
            "61928895-8d84-4111-84e0-70a4bdc0b56d",
            "31ab02b9-b3d0-4ec9-a5a6-769a93085149"
          ],
          "pending": [],
          "skipped": [],
          "duration": 12502,
          "root": false,
          "rootEmpty": false,
          "_timeout": 2000
        },
        {
          "uuid": "e2f77dad-eec1-4cb5-804b-8715a986a2d6",
          "title": "12 - Faça com que as cores da paleta sejam geradas aleatoriamente ao carregar a página.",
          "fullFile": "",
          "file": "",
          "beforeHooks": [],
          "afterHooks": [],
          "tests": [
            {
              "title": "Verifica se as cores geradas na paleta são diferentes a cada carregamento da página",
              "fullTitle": "12 - Faça com que as cores da paleta sejam geradas aleatoriamente ao carregar a página. Verifica se as cores geradas na paleta são diferentes a cada carregamento da página",
              "timedOut": null,
              "duration": 247,
              "state": "failed",
              "speed": null,
              "pass": false,
              "fail": true,
              "pending": false,
              "context": null,
              "code": "cy.get('.color').then(function (colors) {\n  var currentColors;\n  var previousColors;\n  previousColors = Array.from(colors).map(function (color) {\n    return Cypress.$(color).css('background-color');\n  });\n  for (var i = 0; i < 5; i += 1) {\n    cy.reload();\n    cy.get('.color').then(function (colors) {\n      currentColors = Array.from(colors).map(function (color) {\n        return Cypress.$(color).css('background-color');\n      });\n      expect(currentColors).not.to.deep.equal(previousColors);\n      previousColors = currentColors;\n    });\n  }\n});",
              "err": {
                "message": "AssertionError: expected [ Array(4) ] to not deeply equal [ Array(4) ]",
                "estack": "AssertionError: expected [ Array(4) ] to not deeply equal [ Array(4) ]\n    at getRet (http://localhost:38011/__cypress/runner/cypress_runner.js:136585:16)\n    at tryCatcher (http://localhost:38011/__cypress/runner/cypress_runner.js:167415:23)\n    at Function.Promise.attempt.Promise.try (http://localhost:38011/__cypress/runner/cypress_runner.js:164690:29)\n    at Context.thenFn (http://localhost:38011/__cypress/runner/cypress_runner.js:136599:23)\n    at Context.then (http://localhost:38011/__cypress/runner/cypress_runner.js:136971:21)\n    at Context.<anonymous> (http://localhost:38011/__cypress/runner/cypress_runner.js:148875:21)\n    at http://localhost:38011/__cypress/runner/cypress_runner.js:148351:33\n    at tryCatcher (http://localhost:38011/__cypress/runner/cypress_runner.js:167415:23)\n    at Promise._settlePromiseFromHandler (http://localhost:38011/__cypress/runner/cypress_runner.js:165351:31)\n    at Promise._settlePromise (http://localhost:38011/__cypress/runner/cypress_runner.js:165408:18)\n    at Promise._settlePromiseCtx (http://localhost:38011/__cypress/runner/cypress_runner.js:165445:10)\n    at Async../node_modules/bluebird/js/release/async.js.Async._drainQueue (http://localhost:38011/__cypress/runner/cypress_runner.js:162145:12)\n    at Async../node_modules/bluebird/js/release/async.js.Async._drainQueues (http://localhost:38011/__cypress/runner/cypress_runner.js:162150:10)\n    at Async.drainQueues (http://localhost:38011/__cypress/runner/cypress_runner.js:162024:14)",
                "diff": ""
              },
              "uuid": "f55d88e2-f96c-4982-b980-957eb060ee93",
              "parentUUID": "e2f77dad-eec1-4cb5-804b-8715a986a2d6",
              "isHook": false,
              "skipped": false
            },
            {
              "title": "Verifica se a cor preta ainda está presente e é a primeira na sua paleta de cores",
              "fullTitle": "12 - Faça com que as cores da paleta sejam geradas aleatoriamente ao carregar a página. Verifica se a cor preta ainda está presente e é a primeira na sua paleta de cores",
              "timedOut": null,
              "duration": 236,
              "state": "failed",
              "speed": null,
              "pass": false,
              "fail": true,
              "pending": false,
              "context": null,
              "code": "cy.get('.color').then(function (colors) {\n  var currentColors;\n  var previousColors;\n  previousColors = Array.from(colors).map(function (color) {\n    return Cypress.$(color).css('background-color');\n  });\n  expect(previousColors[0]).to.eq(BLACK);\n  for (var i = 0; i < 5; i += 1) {\n    cy.reload();\n    cy.get('.color').then(function (colors) {\n      currentColors = Array.from(colors).map(function (color) {\n        return Cypress.$(color).css('background-color');\n      });\n      expect(currentColors[0]).to.eq(BLACK);\n      expect(currentColors).not.to.deep.equal(previousColors);\n      previousColors = currentColors;\n    });\n  }\n});",
              "err": {
                "message": "AssertionError: expected [ Array(4) ] to not deeply equal [ Array(4) ]",
                "estack": "AssertionError: expected [ Array(4) ] to not deeply equal [ Array(4) ]\n    at getRet (http://localhost:38011/__cypress/runner/cypress_runner.js:136585:16)\n    at tryCatcher (http://localhost:38011/__cypress/runner/cypress_runner.js:167415:23)\n    at Function.Promise.attempt.Promise.try (http://localhost:38011/__cypress/runner/cypress_runner.js:164690:29)\n    at Context.thenFn (http://localhost:38011/__cypress/runner/cypress_runner.js:136599:23)\n    at Context.then (http://localhost:38011/__cypress/runner/cypress_runner.js:136971:21)\n    at Context.<anonymous> (http://localhost:38011/__cypress/runner/cypress_runner.js:148875:21)\n    at http://localhost:38011/__cypress/runner/cypress_runner.js:148351:33\n    at tryCatcher (http://localhost:38011/__cypress/runner/cypress_runner.js:167415:23)\n    at Promise._settlePromiseFromHandler (http://localhost:38011/__cypress/runner/cypress_runner.js:165351:31)\n    at Promise._settlePromise (http://localhost:38011/__cypress/runner/cypress_runner.js:165408:18)\n    at Promise._settlePromiseCtx (http://localhost:38011/__cypress/runner/cypress_runner.js:165445:10)\n    at Async../node_modules/bluebird/js/release/async.js.Async._drainQueue (http://localhost:38011/__cypress/runner/cypress_runner.js:162145:12)\n    at Async../node_modules/bluebird/js/release/async.js.Async._drainQueues (http://localhost:38011/__cypress/runner/cypress_runner.js:162150:10)\n    at Async.drainQueues (http://localhost:38011/__cypress/runner/cypress_runner.js:162024:14)",
                "diff": ""
              },
              "uuid": "ea77599a-6ee8-4602-88c1-26333bef3ee4",
              "parentUUID": "e2f77dad-eec1-4cb5-804b-8715a986a2d6",
              "isHook": false,
              "skipped": false
            }
          ],
          "suites": [],
          "passes": [],
          "failures": [
            "f55d88e2-f96c-4982-b980-957eb060ee93",
            "ea77599a-6ee8-4602-88c1-26333bef3ee4"
          ],
          "pending": [],
          "skipped": [],
          "duration": 483,
          "root": false,
          "rootEmpty": false,
          "_timeout": 2000
        }
      ],
      "passes": [],
      "failures": [],
      "pending": [],
      "skipped": [],
      "duration": 0,
      "root": true,
      "rootEmpty": true,
      "_timeout": 2000
    }
  ],
  "meta": {
    "mocha": {
      "version": "7.0.1"
    },
    "mochawesome": {
      "options": {
        "quiet": false,
        "reportFilename": "mochawesome",
        "saveHtml": false,
        "saveJson": true,
        "consoleReporter": "spec",
        "useInlineDiffs": false
      },
      "version": "4.1.0"
    },
    "marge": {
      "options": {
        "id": "default",
        "reportDir": "cypress/reports",
        "overwrite": true,
        "html": false,
        "json": true
      },
      "version": "4.1.0"
    }
  }
}